





<!DOCTYPE html>
<html>

<head>
    <meta charset="utf-8">
    <meta name="viewport" content="width=device-width, initial-scale=1, shrink-to-fit=no">
    <title>ExtentReports</title>
        <link rel="apple-touch-icon" href="https://cdn.jsdelivr.net/gh/extent-framework/extent-github-cdn@b00a2d0486596e73dd7326beacf352c639623a0e/commons/img/logo.png">
        <link rel="shortcut icon" href="https://cdn.jsdelivr.net/gh/extent-framework/extent-github-cdn@b00a2d0486596e73dd7326beacf352c639623a0e/commons/img/logo.png">
	    <link href="https://cdn.jsdelivr.net/gh/extent-framework/extent-github-cdn@6fbbd1c32fbc2463d026da5c6ce2e9eef0d29512/spark/css/spark-style.css" rel="stylesheet" />
        <link href="https://stackpath.bootstrapcdn.com/font-awesome/4.7.0/css/font-awesome.min.css" rel="stylesheet">
<style type="text/css">

</style></head>    <script src="https://cdn.rawgit.com/extent-framework/extent-github-cdn/7cc78ce/spark/js/jsontree.js"></script>
<body class="spa bdd-report standard">
    <div class="app header-dark side-nav-folded">
        <div class="layout">
<div class="header navbar">
    <div class="vheader">
        <div class="nav-logo">
          <a href="#">
            <div class="logo logo-dark" style="background-image: url('https://cdn.rawgit.com/extent-framework/extent-github-cdn/d74480e/commons/img/logo.png')"></div>
            <div class="logo logo-white" style="background-image: url('https://cdn.rawgit.com/extent-framework/extent-github-cdn/d74480e/commons/img/logo.png')"></div>
          </a>
        </div>
        <ul class="nav-left">
          <li class="search-box">
            <a class="search-toggle" href="javascript:void(0);">
              <i class="search-icon fa fa-search"></i>
              <i class="search-icon-close fa fa-close"></i>
            </a>
          </li>
          <li class="search-input">
            <input id="search-tests" class="form-control" type="text" placeholder="Type to search...">
          </li>
        </ul>
        <ul class="nav-right">
          <li class="m-r-10">
            <a href="#">
              <span class="badge badge-primary">ExtentReports</span>
            </a>
          </li>
            <li class="m-r-10">
                <a href="#">
                    <span class="badge badge-primary">May 6, 2023 12:40:15 am</span>
                </a>
            </li>
        </ul>
    </div>
</div><div class="side-nav">
  <div class="side-nav-inner">
    <ul class="side-nav-menu scrollable">
      <li class="nav-item dropdown" onclick="toggleView('test-view')">
        <a id="nav-test" class="dropdown-toggle" href="index.html">
          <span class="icon-holder">
            <i class="fa fa-align-left"></i>
          </span>
          <span class="title">Tests</span>
        </a>
      </li>
            <li class="nav-item dropdown" onclick="toggleView('tag-view')">
        <a id="nav-tag" class="dropdown-toggle" href="tag.html">
          <span class="icon-holder">
            <i class="fa fa-tag"></i>
          </span>
          <span class="title">Tags</span>
        </a>
      </li>
      <li class="nav-item dropdown" onclick="toggleView('exception-view')">
        <a id="nav-ex" class="dropdown-toggle" href="exception.html">
          <span class="icon-holder">
            <i class="fa fa-bug"></i>
          </span>
          <span class="title">Exception</span>
        </a>
      </li>
      <li class="nav-item dropdown" onclick="toggleView('dashboard-view')">
        <a id="nav-dashboard" class="dropdown-toggle" href="dashboard.html">
          <span class="icon-holder">
            <i class="fa fa-bar-chart"></i>
          </span>
          <span class="title">Dashboard</span>
        </a>
      </li>
    </ul>
  </div>
</div>            <div class="vcontainer">
                <div class="main-content">
<div class="test-wrapper row test-view">
	<div class="test-list">
		<div class="test-list-tools">
			<ul class="tools pull-left">
				<li>
					<a href="">
					<span class="font-size-14">Tests</span>
					</a>
				</li>
			</ul>
			<ul class="tools text-right">
				<li class="user-profile dropdown dropdown-animated scale-left">
					<a href="#" class="dropdown-toggle" data-toggle="dropdown">
					<i class="fa fa-exclamation-circle"></i>
					</a>
					<ul id="status-toggle" class="dropdown-menu dropdown-md p-v-0">
						<a class="dropdown-item" status="pass" href="#"><span>Pass</span><span class="status success pull-right"></span></a>
						<a class="dropdown-item" status="fail" href="#"><span>Fail</span><span class="status danger pull-right"></span></a>
						
						
						
						<a class="dropdown-item" status="skip" href="#"><span>Skip</span><span class="status warning pull-right"></span></a>
						<div class="dropdown-divider"></div>
						<a status="clear" class="dropdown-item" href="#"><span>Clear</span><span class="pull-right"><i class="fa fa-close"></i></span></a>
					</ul>
				</li>
				<li class="user-profile dropdown dropdown-animated scale-left">
					<a href="#" class="dropdown-toggle" data-toggle="dropdown">
					<i class="fa fa-tag"></i>
					</a>
					<ul id="tag-toggle" class="dropdown-menu dropdown-md p-v-0">
						<a class="dropdown-item" href="#">@Regression</a>
						<a class="dropdown-item" href="#">@Integration</a>
						<a class="dropdown-item" href="#">@Smoke</a>
					</ul>
				</li>
			</ul>
		</div>
		<div class="test-list-wrapper scrollable">
			<ul class="test-list-item">
				<li class="test-item"  status="fail" test-id="1"
					author=""
					tag=""
					device="">
					<div class="status-avatar fail-bg">
						<i class="fa fa-times text-white"></i>
					</div>
					<div class="open-test">
						<div class="test-detail">
							<p class="name">Registration Functionality</p>
							<p class="duration text-sm">0h 0m 36s+254ms</p>
							<span class="datetime">00:40:16 am</span>
						</div>
					</div>
					<div class="test-contents d-none">
						<div class="detail-head">
							<div class="p-v-10 d-inline-block">
								<div class="info">
									<h5 class="test-status text-fail">Registration Functionality</h5>
									<span class='badge badge-success'>05.06.2023 00:40:16</span>
									<span class='badge badge-danger'>05.06.2023 00:40:53</span>
									<span class='badge badge-default'>0h 0m 36s+254ms</span>
								</div>
								<div class="m-t-10 m-l-5">
									
								</div>
							</div>
						</div>

<div class="accordion mt-4">
	<div class="card">
		<div class="card-header" role="tab">
			<div class="card-title pl-3">
				<div class="node">User creates an account only with all fields</div>
				<div class="status-avatar float-left fail-bg">
					<i class="fa fa-times text-white"></i>
				</div>
			</div>
		</div>
				<div class="collapse scenario_outline">
						<div class="card-body l1">
							<div class="card-header" role="tab">
								<div class="card-title outline-child">
									<div class="node">User creates an account only with all fields</div>
									<div class="status-avatar float-left fail-bg">
										<i class="fa fa-times text-white"></i>
									</div>
								</div>
							</div>
							<div class="card-body collapse mt-3">
									<div class="d-flex align-items-center justify-content-start given" title="stepDefinations.RegistrationExcution.user_open_browzer()">
										<span class="alert-icon pass-bg">
											<i class="fa fa-check text-white"></i>
										</span>
										<span>Given User open browzer</span>
									</div>
				<div class="details"></div>
									<div class="d-flex align-items-center justify-content-start and" title="stepDefinations.RegistrationExcution.user_open_url()">
										<span class="alert-icon pass-bg">
											<i class="fa fa-check text-white"></i>
										</span>
										<span>And User open url</span>
									</div>
				<div class="details"></div>
									<div class="d-flex align-items-center justify-content-start then" title="stepDefinations.RegistrationExcution.validate_url_open()">
										<span class="alert-icon pass-bg">
											<i class="fa fa-check text-white"></i>
										</span>
										<span>Then validate url open</span>
									</div>
				<div class="details"></div>
									<div class="d-flex align-items-center justify-content-start and" title="stepDefinations.RegistrationExcution.user_click_on_maxmize_icon()">
										<span class="alert-icon pass-bg">
											<i class="fa fa-check text-white"></i>
										</span>
										<span>And User click on maxmize icon</span>
									</div>
				<div class="details"></div>
									<div class="d-flex align-items-center justify-content-start and" title="stepDefinations.RegistrationExcution.user_click_on_account_button()">
										<span class="alert-icon pass-bg">
											<i class="fa fa-check text-white"></i>
										</span>
										<span>And User click on Account button</span>
									</div>
				<div class="details"></div>
									<div class="d-flex align-items-center justify-content-start and" title="stepDefinations.RegistrationExcution.user_click_on_register_button()">
										<span class="alert-icon pass-bg">
											<i class="fa fa-check text-white"></i>
										</span>
										<span>And User click on Register button</span>
									</div>
				<div class="details"></div>
									<div class="d-flex align-items-center justify-content-start then" title="stepDefinations.RegistrationExcution.validate_user_navigates_to_register_account_page()">
										<span class="alert-icon pass-bg">
											<i class="fa fa-check text-white"></i>
										</span>
										<span>Then Validate User navigates to Register Account page</span>
									</div>
				<div class="details"></div>
									<div class="d-flex align-items-center justify-content-start when" title="stepDefinations.RegistrationExcution.user_enters_the_first_name(java.lang.String)">
										<span class="alert-icon pass-bg">
											<i class="fa fa-check text-white"></i>
										</span>
										<span>When User enters the first name "diksha"</span>
									</div>
				<div class="details"></div>
									<div class="d-flex align-items-center justify-content-start and" title="stepDefinations.RegistrationExcution.user_enter_the_last_name(java.lang.String)">
										<span class="alert-icon pass-bg">
											<i class="fa fa-check text-white"></i>
										</span>
										<span>And User enter the last name "prajapati"</span>
									</div>
				<div class="details"></div>
									<div class="d-flex align-items-center justify-content-start and" title="stepDefinations.RegistrationExcution.user_enter_email(java.lang.String)">
										<span class="alert-icon pass-bg">
											<i class="fa fa-check text-white"></i>
										</span>
										<span>And User enter email "diksha1900@gmail.com"</span>
									</div>
				<div class="details"></div>
									<div class="d-flex align-items-center justify-content-start and" title="stepDefinations.RegistrationExcution.user_enter_telephone_number(java.lang.String)">
										<span class="alert-icon pass-bg">
											<i class="fa fa-check text-white"></i>
										</span>
										<span>And User enter telephone number "9856474523"</span>
									</div>
				<div class="details"></div>
									<div class="d-flex align-items-center justify-content-start and" title="stepDefinations.RegistrationExcution.user_enter_password(java.lang.String)">
										<span class="alert-icon pass-bg">
											<i class="fa fa-check text-white"></i>
										</span>
										<span>And User enter password "1234"</span>
									</div>
				<div class="details"></div>
									<div class="d-flex align-items-center justify-content-start and" title="stepDefinations.RegistrationExcution.user_enter_confirm_password(java.lang.String)">
										<span class="alert-icon pass-bg">
											<i class="fa fa-check text-white"></i>
										</span>
										<span>And User enter confirm password "1234"</span>
									</div>
				<div class="details"></div>
									<div class="d-flex align-items-center justify-content-start and" title="stepDefinations.RegistrationExcution.user_selects_privacy_policy()">
										<span class="alert-icon pass-bg">
											<i class="fa fa-check text-white"></i>
										</span>
										<span>And User selects Privacy Policy</span>
									</div>
				<div class="details"></div>
									<div class="d-flex align-items-center justify-content-start and" title="stepDefinations.RegistrationExcution.user_clicks_on_continue_button()">
										<span class="alert-icon pass-bg">
											<i class="fa fa-check text-white"></i>
										</span>
										<span>And User clicks on Continue button</span>
									</div>
				<div class="details"></div>
									<div class="d-flex align-items-center justify-content-start then" title="stepDefinations.RegistrationExcution.user_account_should_get_created_successfully()">
										<span class="alert-icon pass-bg">
											<i class="fa fa-check text-white"></i>
										</span>
										<span>Then User account should get created successfully</span>
									</div>
				<div class="details"></div>
									<div class="d-flex align-items-center justify-content-start when" title="stepDefinations.RegistrationExcution.user_click_on_account_link_button()">
										<span class="alert-icon pass-bg">
											<i class="fa fa-check text-white"></i>
										</span>
										<span>When User click on account link button</span>
									</div>
				<div class="details"></div>
									<div class="d-flex align-items-center justify-content-start and" title="stepDefinations.RegistrationExcution.user_click_on_logout_button()">
										<span class="alert-icon fail-bg">
											<i class="fa fa-times text-white"></i>
										</span>
										<span>And User click on Logout button</span>
									</div>
				<textarea disabled class="code-block">org.openqa.selenium.TimeoutException: Expected condition failed: waiting for element to be clickable: Proxy element for: DefaultElementLocator 'By.xpath: //a[text()='Logout']' (tried for 20 second(s) with 500 milliseconds interval)
	at org.openqa.selenium.support.ui.WebDriverWait.timeoutException(WebDriverWait.java:81)
	at org.openqa.selenium.support.ui.FluentWait.until(FluentWait.java:271)
	at com.shopingstore.base.JavaBase.clickOn(JavaBase.java:83)
	at com.shopingstore.pages.RegistrationPage.clickOn_LogoutButton(RegistrationPage.java:147)
	at stepDefinations.RegistrationExcution.user_click_on_logout_button(RegistrationExcution.java:122)
	at ✽.User click on Logout button(file:///C:/Users/HP/Documents/Shoping/HealthCareCucumberFrameworkFirst/src/test/resource/features/Registration.feature:25)
Caused by: org.openqa.selenium.NoSuchElementException: no such element: Unable to locate element: {"method":"xpath","selector":"//a[text()='Logout']"}
  (Session info: chrome=112.0.5615.138)
For documentation on this error, please visit: http://seleniumhq.org/exceptions/no_such_element.html
Build info: version: '3.12.0', revision: '7c6e0b3', time: '2018-05-08T14:04:26.12Z'
System info: host: 'DESKTOP-IVTN6H0', ip: '192.168.1.11', os.name: 'Windows 11', os.arch: 'amd64', os.version: '10.0', java.version: '17.0.4.1'
Driver info: org.openqa.selenium.chrome.ChromeDriver
Capabilities {acceptInsecureCerts: false, browserName: chrome, browserVersion: 112.0.5615.138, chrome: {chromedriverVersion: 112.0.5615.49 (bd2a7bcb881c..., userDataDir: C:\Users\HP\AppData\Local\T...}, goog:chromeOptions: {debuggerAddress: localhost:57855}, javascriptEnabled: true, networkConnectionEnabled: false, pageLoadStrategy: normal, platform: WINDOWS, platformName: WINDOWS, proxy: Proxy(), setWindowRect: true, strictFileInteractability: false, timeouts: {implicit: 0, pageLoad: 300000, script: 30000}, unhandledPromptBehavior: dismiss and notify, webauthn:extension:credBlob: true, webauthn:extension:largeBlob: true, webauthn:extension:minPinLength: true, webauthn:extension:prf: true, webauthn:virtualAuthenticators: true}
Session ID: 45def4261bcb2e40b6c0c80aecd1b7a9
*** Element info: {Using=xpath, value=//a[text()='Logout']}
	at jdk.internal.reflect.GeneratedConstructorAccessor14.newInstance(Unknown Source)
	at java.base/jdk.internal.reflect.DelegatingConstructorAccessorImpl.newInstance(DelegatingConstructorAccessorImpl.java:45)
	at java.base/java.lang.reflect.Constructor.newInstanceWithCaller(Constructor.java:499)
	at java.base/java.lang.reflect.Constructor.newInstance(Constructor.java:480)
	at org.openqa.selenium.remote.http.W3CHttpResponseCodec.createException(W3CHttpResponseCodec.java:187)
	at org.openqa.selenium.remote.http.W3CHttpResponseCodec.decode(W3CHttpResponseCodec.java:122)
	at org.openqa.selenium.remote.http.W3CHttpResponseCodec.decode(W3CHttpResponseCodec.java:49)
	at org.openqa.selenium.remote.HttpCommandExecutor.execute(HttpCommandExecutor.java:158)
	at org.openqa.selenium.remote.service.DriverCommandExecutor.execute(DriverCommandExecutor.java:83)
	at org.openqa.selenium.remote.RemoteWebDriver.execute(RemoteWebDriver.java:543)
	at org.openqa.selenium.remote.RemoteWebDriver.findElement(RemoteWebDriver.java:317)
	at org.openqa.selenium.remote.RemoteWebDriver.findElementByXPath(RemoteWebDriver.java:419)
	at org.openqa.selenium.By$ByXPath.findElement(By.java:353)
	at org.openqa.selenium.remote.RemoteWebDriver.findElement(RemoteWebDriver.java:309)
	at org.openqa.selenium.support.pagefactory.DefaultElementLocator.findElement(DefaultElementLocator.java:69)
	at org.openqa.selenium.support.pagefactory.internal.LocatingElementHandler.invoke(LocatingElementHandler.java:38)
	at jdk.proxy2/jdk.proxy2.$Proxy18.isDisplayed(Unknown Source)
	at org.openqa.selenium.support.ui.ExpectedConditions.elementIfVisible(ExpectedConditions.java:315)
	at org.openqa.selenium.support.ui.ExpectedConditions.access$100(ExpectedConditions.java:44)
	at org.openqa.selenium.support.ui.ExpectedConditions$10.apply(ExpectedConditions.java:301)
	at org.openqa.selenium.support.ui.ExpectedConditions$10.apply(ExpectedConditions.java:298)
	at org.openqa.selenium.support.ui.ExpectedConditions$23.apply(ExpectedConditions.java:686)
	at org.openqa.selenium.support.ui.ExpectedConditions$23.apply(ExpectedConditions.java:682)
	at org.openqa.selenium.support.ui.FluentWait.until(FluentWait.java:248)
	at com.shopingstore.base.JavaBase.clickOn(JavaBase.java:83)
	at com.shopingstore.pages.RegistrationPage.clickOn_LogoutButton(RegistrationPage.java:147)
	at stepDefinations.RegistrationExcution.user_click_on_logout_button(RegistrationExcution.java:122)
	at java.base/jdk.internal.reflect.NativeMethodAccessorImpl.invoke0(Native Method)
	at java.base/jdk.internal.reflect.NativeMethodAccessorImpl.invoke(NativeMethodAccessorImpl.java:77)
	at java.base/jdk.internal.reflect.DelegatingMethodAccessorImpl.invoke(DelegatingMethodAccessorImpl.java:43)
	at java.base/java.lang.reflect.Method.invoke(Method.java:568)
	at io.cucumber.java.Invoker.doInvoke(Invoker.java:66)
	at io.cucumber.java.Invoker.invoke(Invoker.java:24)
	at io.cucumber.java.AbstractGlueDefinition.invokeMethod(AbstractGlueDefinition.java:47)
	at io.cucumber.java.JavaStepDefinition.execute(JavaStepDefinition.java:29)
	at io.cucumber.core.runner.CoreStepDefinition.execute(CoreStepDefinition.java:66)
	at io.cucumber.core.runner.PickleStepDefinitionMatch.runStep(PickleStepDefinitionMatch.java:63)
	at io.cucumber.core.runner.ExecutionMode$1.execute(ExecutionMode.java:10)
	at io.cucumber.core.runner.TestStep.executeStep(TestStep.java:92)
	at io.cucumber.core.runner.TestStep.run(TestStep.java:64)
	at io.cucumber.core.runner.PickleStepTestStep.run(PickleStepTestStep.java:51)
	at io.cucumber.core.runner.TestCase.run(TestCase.java:104)
	at io.cucumber.core.runner.Runner.runPickle(Runner.java:73)
	at io.cucumber.junit.PickleRunners$NoStepDescriptions.run(PickleRunners.java:151)
	at io.cucumber.junit.FeatureRunner.runChild(FeatureRunner.java:135)
	at io.cucumber.junit.FeatureRunner.runChild(FeatureRunner.java:27)
	at org.junit.runners.ParentRunner$4.run(ParentRunner.java:331)
	at org.junit.runners.ParentRunner$1.schedule(ParentRunner.java:79)
	at org.junit.runners.ParentRunner.runChildren(ParentRunner.java:329)
	at org.junit.runners.ParentRunner.access$100(ParentRunner.java:66)
	at org.junit.runners.ParentRunner$2.evaluate(ParentRunner.java:293)
	at org.junit.runners.ParentRunner$3.evaluate(ParentRunner.java:306)
	at org.junit.runners.ParentRunner.run(ParentRunner.java:413)
	at io.cucumber.junit.Cucumber.runChild(Cucumber.java:200)
	at io.cucumber.junit.Cucumber.runChild(Cucumber.java:90)
	at org.junit.runners.ParentRunner$4.run(ParentRunner.java:331)
	at org.junit.runners.ParentRunner$1.schedule(ParentRunner.java:79)
	at org.junit.runners.ParentRunner.runChildren(ParentRunner.java:329)
	at org.junit.runners.ParentRunner.access$100(ParentRunner.java:66)
	at org.junit.runners.ParentRunner$2.evaluate(ParentRunner.java:293)
	at io.cucumber.junit.Cucumber$RunCucumber.evaluate(Cucumber.java:235)
	at org.junit.runners.ParentRunner$3.evaluate(ParentRunner.java:306)
	at org.junit.runners.ParentRunner.run(ParentRunner.java:413)
	at org.eclipse.jdt.internal.junit4.runner.JUnit4TestReference.run(JUnit4TestReference.java:93)
	at org.eclipse.jdt.internal.junit.runner.TestExecution.run(TestExecution.java:40)
	at org.eclipse.jdt.internal.junit.runner.RemoteTestRunner.runTests(RemoteTestRunner.java:529)
	at org.eclipse.jdt.internal.junit.runner.RemoteTestRunner.runTests(RemoteTestRunner.java:756)
	at org.eclipse.jdt.internal.junit.runner.RemoteTestRunner.run(RemoteTestRunner.java:452)
	at org.eclipse.jdt.internal.junit.runner.RemoteTestRunner.main(RemoteTestRunner.java:210)
</textarea>
									<div class="d-flex align-items-center justify-content-start and" title="stepDefinations.RegistrationExcution.user_again_click_on_a_account_button()">
										<span class="alert-icon skip-bg">
											<i class="fa fa-long-arrow-right text-white"></i>
										</span>
										<span>And user again click on a account button</span>
									</div>
				<div class="details">Step skipped</div>
									<div class="d-flex align-items-center justify-content-start and" title="stepDefinations.RegistrationExcution.user_click_on_a_register_link()">
										<span class="alert-icon skip-bg">
											<i class="fa fa-long-arrow-right text-white"></i>
										</span>
										<span>And user click on a register link</span>
									</div>
				<div class="details">Step skipped</div>
							</div>
						</div>
				</div>
	</div>
	<div class="card">
		<div class="card-header" role="tab">
			<div class="card-title pl-3">
				<div class="node">User creates a duplicate account</div>
				<div class="status-avatar float-left pass-bg">
					<i class="fa fa-check text-white"></i>
				</div>
			</div>
		</div>
				<div class="collapse scenario_outline">
						<div class="card-body l1">
							<div class="card-header" role="tab">
								<div class="card-title outline-child">
									<div class="node">User creates a duplicate account</div>
									<div class="status-avatar float-left pass-bg">
										<i class="fa fa-check text-white"></i>
									</div>
								</div>
							</div>
							<div class="card-body collapse mt-3">
									<div class="d-flex align-items-center justify-content-start given" title="stepDefinations.RegistrationExcution.user_open_browzer()">
										<span class="alert-icon pass-bg">
											<i class="fa fa-check text-white"></i>
										</span>
										<span>Given User open browzer</span>
									</div>
				<div class="details"></div>
									<div class="d-flex align-items-center justify-content-start and" title="stepDefinations.RegistrationExcution.user_open_url()">
										<span class="alert-icon pass-bg">
											<i class="fa fa-check text-white"></i>
										</span>
										<span>And User open url</span>
									</div>
				<div class="details"></div>
									<div class="d-flex align-items-center justify-content-start then" title="stepDefinations.RegistrationExcution.validate_url_open()">
										<span class="alert-icon pass-bg">
											<i class="fa fa-check text-white"></i>
										</span>
										<span>Then validate url open</span>
									</div>
				<div class="details"></div>
									<div class="d-flex align-items-center justify-content-start and" title="stepDefinations.RegistrationExcution.user_click_on_maxmize_icon()">
										<span class="alert-icon pass-bg">
											<i class="fa fa-check text-white"></i>
										</span>
										<span>And User click on maxmize icon</span>
									</div>
				<div class="details"></div>
									<div class="d-flex align-items-center justify-content-start and" title="stepDefinations.RegistrationExcution.user_click_on_account_button()">
										<span class="alert-icon pass-bg">
											<i class="fa fa-check text-white"></i>
										</span>
										<span>And User click on Account button</span>
									</div>
				<div class="details"></div>
									<div class="d-flex align-items-center justify-content-start and" title="stepDefinations.RegistrationExcution.user_click_on_register_button()">
										<span class="alert-icon pass-bg">
											<i class="fa fa-check text-white"></i>
										</span>
										<span>And User click on Register button</span>
									</div>
				<div class="details"></div>
									<div class="d-flex align-items-center justify-content-start then" title="stepDefinations.RegistrationExcution.validate_user_navigates_to_register_account_page()">
										<span class="alert-icon pass-bg">
											<i class="fa fa-check text-white"></i>
										</span>
										<span>Then Validate User navigates to Register Account page</span>
									</div>
				<div class="details"></div>
									<div class="d-flex align-items-center justify-content-start when" title="stepDefinations.RegistrationExcution.user_enters_the_first_name(java.lang.String)">
										<span class="alert-icon pass-bg">
											<i class="fa fa-check text-white"></i>
										</span>
										<span>When User enters the first name "diksha"</span>
									</div>
				<div class="details"></div>
									<div class="d-flex align-items-center justify-content-start and" title="stepDefinations.RegistrationExcution.user_enter_the_last_name(java.lang.String)">
										<span class="alert-icon pass-bg">
											<i class="fa fa-check text-white"></i>
										</span>
										<span>And User enter the last name "prajapati"</span>
									</div>
				<div class="details"></div>
									<div class="d-flex align-items-center justify-content-start and" title="stepDefinations.RegistrationExcution.user_enter_email(java.lang.String)">
										<span class="alert-icon pass-bg">
											<i class="fa fa-check text-white"></i>
										</span>
										<span>And User enter email "diksha012@gmail.com"</span>
									</div>
				<div class="details"></div>
									<div class="d-flex align-items-center justify-content-start and" title="stepDefinations.RegistrationExcution.user_enter_telephone_number(java.lang.String)">
										<span class="alert-icon pass-bg">
											<i class="fa fa-check text-white"></i>
										</span>
										<span>And User enter telephone number "9856474523"</span>
									</div>
				<div class="details"></div>
									<div class="d-flex align-items-center justify-content-start and" title="stepDefinations.RegistrationExcution.user_enter_password(java.lang.String)">
										<span class="alert-icon pass-bg">
											<i class="fa fa-check text-white"></i>
										</span>
										<span>And User enter password "1234"</span>
									</div>
				<div class="details"></div>
									<div class="d-flex align-items-center justify-content-start and" title="stepDefinations.RegistrationExcution.user_enter_confirm_password(java.lang.String)">
										<span class="alert-icon pass-bg">
											<i class="fa fa-check text-white"></i>
										</span>
										<span>And User enter confirm password "1234"</span>
									</div>
				<div class="details"></div>
									<div class="d-flex align-items-center justify-content-start and" title="stepDefinations.RegistrationExcution.user_selects_privacy_policy()">
										<span class="alert-icon pass-bg">
											<i class="fa fa-check text-white"></i>
										</span>
										<span>And User selects Privacy Policy</span>
									</div>
				<div class="details"></div>
									<div class="d-flex align-items-center justify-content-start and" title="stepDefinations.RegistrationExcution.user_clicks_on_continue_button()">
										<span class="alert-icon pass-bg">
											<i class="fa fa-check text-white"></i>
										</span>
										<span>And User clicks on Continue button</span>
									</div>
				<div class="details"></div>
									<div class="d-flex align-items-center justify-content-start then" title="stepDefinations.RegistrationExcution.user_account_should_get_created_successfully()">
										<span class="alert-icon pass-bg">
											<i class="fa fa-check text-white"></i>
										</span>
										<span>Then User account should get created successfully</span>
									</div>
				<div class="details"></div>
							</div>
						</div>
				</div>
	</div>
	<div class="card">
		<div class="card-header" role="tab">
			<div class="card-title pl-3">
				<div class="node">User creates an account without filling any details</div>
				<div class="status-avatar float-left pass-bg">
					<i class="fa fa-check text-white"></i>
				</div>
			</div>
		</div>
				<div class="collapse">
					<div class="card-body">
							<div class="d-flex align-items-center justify-content-start given" title="stepDefinations.RegistrationExcution.user_open_browzer()">
								<span class="alert-icon pass-bg">
									<i class="fa fa-check text-white"></i>
								</span>
								<span>Given User open browzer</span>
							</div>
				<div class="details"></div>
							<div class="d-flex align-items-center justify-content-start and" title="stepDefinations.RegistrationExcution.user_open_url()">
								<span class="alert-icon pass-bg">
									<i class="fa fa-check text-white"></i>
								</span>
								<span>And User open url</span>
							</div>
				<div class="details"></div>
							<div class="d-flex align-items-center justify-content-start then" title="stepDefinations.RegistrationExcution.validate_url_open()">
								<span class="alert-icon pass-bg">
									<i class="fa fa-check text-white"></i>
								</span>
								<span>Then validate url open</span>
							</div>
				<div class="details"></div>
							<div class="d-flex align-items-center justify-content-start and" title="stepDefinations.RegistrationExcution.user_click_on_maxmize_icon()">
								<span class="alert-icon pass-bg">
									<i class="fa fa-check text-white"></i>
								</span>
								<span>And User click on maxmize icon</span>
							</div>
				<div class="details"></div>
							<div class="d-flex align-items-center justify-content-start and" title="stepDefinations.RegistrationExcution.user_click_on_account_button()">
								<span class="alert-icon pass-bg">
									<i class="fa fa-check text-white"></i>
								</span>
								<span>And User click on Account button</span>
							</div>
				<div class="details"></div>
							<div class="d-flex align-items-center justify-content-start and" title="stepDefinations.RegistrationExcution.user_click_on_register_button()">
								<span class="alert-icon pass-bg">
									<i class="fa fa-check text-white"></i>
								</span>
								<span>And User click on Register button</span>
							</div>
				<div class="details"></div>
							<div class="d-flex align-items-center justify-content-start then" title="stepDefinations.RegistrationExcution.validate_user_navigates_to_register_account_page()">
								<span class="alert-icon pass-bg">
									<i class="fa fa-check text-white"></i>
								</span>
								<span>Then Validate User navigates to Register Account page</span>
							</div>
				<div class="details"></div>
							<div class="d-flex align-items-center justify-content-start given" title="stepDefinations.RegistrationExcution.user_again_click_on_a_account_button()">
								<span class="alert-icon pass-bg">
									<i class="fa fa-check text-white"></i>
								</span>
								<span>Given user again click on a account button</span>
							</div>
				<div class="details"></div>
							<div class="d-flex align-items-center justify-content-start when" title="stepDefinations.RegistrationExcution.user_click_on_a_register_link()">
								<span class="alert-icon pass-bg">
									<i class="fa fa-check text-white"></i>
								</span>
								<span>When user click on a register link</span>
							</div>
				<div class="details"></div>
							<div class="d-flex align-items-center justify-content-start when" title="stepDefinations.RegistrationExcution.user_dont_enter_any_details_into_fields()">
								<span class="alert-icon pass-bg">
									<i class="fa fa-check text-white"></i>
								</span>
								<span>When User dont enter any details into fields</span>
							</div>
				<div class="details"></div>
							<div class="d-flex align-items-center justify-content-start and" title="stepDefinations.RegistrationExcution.user_click_continue_button()">
								<span class="alert-icon pass-bg">
									<i class="fa fa-check text-white"></i>
								</span>
								<span>And User click  continue button</span>
							</div>
				<div class="details"></div>
							<div class="d-flex align-items-center justify-content-start then" title="stepDefinations.RegistrationExcution.user_should_get_proper_warning_messages_for_every_mandatory_field()">
								<span class="alert-icon pass-bg">
									<i class="fa fa-check text-white"></i>
								</span>
								<span>Then User should get proper warning messages for every mandatory field</span>
							</div>
				<div class="details"></div>
					</div>
				</div>
	</div>
</div>
					</div>
				</li>
				<li class="test-item"  status="pass" test-id="55"
					author=""
					tag=""
					device="">
					<div class="status-avatar pass-bg">
						<i class="fa fa-check text-white"></i>
					</div>
					<div class="open-test">
						<div class="test-detail">
							<p class="name">Search functionality</p>
							<p class="duration text-sm">0h 0m 2s+582ms</p>
							<span class="datetime">00:40:53 am</span>
						</div>
					</div>
					<div class="test-contents d-none">
						<div class="detail-head">
							<div class="p-v-10 d-inline-block">
								<div class="info">
									<h5 class="test-status text-pass">Search functionality</h5>
									<span class='badge badge-success'>05.06.2023 00:40:53</span>
									<span class='badge badge-danger'>05.06.2023 00:40:55</span>
									<span class='badge badge-default'>0h 0m 2s+582ms</span>
								</div>
								<div class="m-t-10 m-l-5">
									
								</div>
							</div>
						</div>

<div class="accordion mt-4">
	<div class="card">
		<div class="card-header" role="tab">
			<div class="card-title pl-3">
				<div class="node">User searches for a valid product</div>
				<div class="status-avatar float-left pass-bg">
					<i class="fa fa-check text-white"></i>
				</div>
			</div>
		</div>
				<div class="collapse">
					<div class="card-body">
							<div class="d-flex align-items-center justify-content-start given" title="stepDefinations.SearchExecution.user_opens_the_application()">
								<span class="alert-icon pass-bg">
									<i class="fa fa-check text-white"></i>
								</span>
								<span>Given User opens the Application</span>
							</div>
				<div class="details"></div>
							<div class="d-flex align-items-center justify-content-start when" title="stepDefinations.SearchExecution.user_enters_valid_product_into_search_box_field(java.lang.String)">
								<span class="alert-icon pass-bg">
									<i class="fa fa-check text-white"></i>
								</span>
								<span>When User enters valid product "HP" into Search box field</span>
							</div>
				<div class="details"></div>
							<div class="d-flex align-items-center justify-content-start and" title="stepDefinations.SearchExecution.user_clicks_on_search_button()">
								<span class="alert-icon pass-bg">
									<i class="fa fa-check text-white"></i>
								</span>
								<span>And User clicks on Search button</span>
							</div>
				<div class="details"></div>
							<div class="d-flex align-items-center justify-content-start then" title="stepDefinations.SearchExecution.user_should_get_valid_product_displayed_in_search_results()">
								<span class="alert-icon pass-bg">
									<i class="fa fa-check text-white"></i>
								</span>
								<span>Then User should get valid product displayed in search results</span>
							</div>
				<div class="details"></div>
					</div>
				</div>
	</div>
	<div class="card">
		<div class="card-header" role="tab">
			<div class="card-title pl-3">
				<div class="node">User searches without any product</div>
				<div class="status-avatar float-left pass-bg">
					<i class="fa fa-check text-white"></i>
				</div>
			</div>
		</div>
				<div class="collapse">
					<div class="card-body">
							<div class="d-flex align-items-center justify-content-start given" title="stepDefinations.SearchExecution.user_opens_the_application()">
								<span class="alert-icon pass-bg">
									<i class="fa fa-check text-white"></i>
								</span>
								<span>Given User opens the Application</span>
							</div>
				<div class="details"></div>
							<div class="d-flex align-items-center justify-content-start when" title="stepDefinations.SearchExecution.user_dont_enter_any_product_name_into_search_box_field()">
								<span class="alert-icon pass-bg">
									<i class="fa fa-check text-white"></i>
								</span>
								<span>When User dont enter any product name into Search box field</span>
							</div>
				<div class="details"></div>
							<div class="d-flex align-items-center justify-content-start and" title="stepDefinations.SearchExecution.user_clicks_on_search_button()">
								<span class="alert-icon pass-bg">
									<i class="fa fa-check text-white"></i>
								</span>
								<span>And User clicks on Search button</span>
							</div>
				<div class="details"></div>
							<div class="d-flex align-items-center justify-content-start then" title="stepDefinations.SearchExecution.user_should_get_a_message_about_no_product_matching()">
								<span class="alert-icon pass-bg">
									<i class="fa fa-check text-white"></i>
								</span>
								<span>Then User should get a message about no product matching</span>
							</div>
				<div class="details"></div>
					</div>
				</div>
	</div>
</div>
					</div>
				</li>
				<li class="test-item"  status="fail" test-id="66"
					author=""
					tag=""
					device="">
					<div class="status-avatar fail-bg">
						<i class="fa fa-times text-white"></i>
					</div>
					<div class="open-test">
						<div class="test-detail">
							<p class="name">Login functionality</p>
							<p class="duration text-sm">0h 0m 32s+507ms</p>
							<span class="datetime">00:40:55 am</span>
						</div>
					</div>
					<div class="test-contents d-none">
						<div class="detail-head">
							<div class="p-v-10 d-inline-block">
								<div class="info">
									<h5 class="test-status text-fail">Login functionality</h5>
									<span class='badge badge-success'>05.06.2023 00:40:55</span>
									<span class='badge badge-danger'>05.06.2023 00:41:28</span>
									<span class='badge badge-default'>0h 0m 32s+507ms</span>
								</div>
								<div class="m-t-10 m-l-5">
									
								</div>
							</div>
						</div>

<div class="accordion mt-4">
	<div class="card">
		<div class="card-header" role="tab">
			<div class="card-title pl-3">
				<div class="node">Login with invalid credentials</div>
				<div class="status-avatar float-left fail-bg">
					<i class="fa fa-times text-white"></i>
				</div>
			</div>
		</div>
				<div class="collapse">
					<div class="card-body">
							<div class="d-flex align-items-center justify-content-start given" title="stepDefinations.LoginExcution.user_navigates_to_login_page()">
								<span class="alert-icon pass-bg">
									<i class="fa fa-check text-white"></i>
								</span>
								<span>Given User navigates to login page</span>
							</div>
				<div class="details"></div>
							<div class="d-flex align-items-center justify-content-start when" title="stepDefinations.LoginExcution.user_enters_invalid_email_address_into_email_field()">
								<span class="alert-icon pass-bg">
									<i class="fa fa-check text-white"></i>
								</span>
								<span>When User enters invalid email address into email field</span>
							</div>
				<div class="details"></div>
							<div class="d-flex align-items-center justify-content-start and" title="stepDefinations.LoginExcution.user_enters_invalid_password_into_password_field(java.lang.String)">
								<span class="alert-icon pass-bg">
									<i class="fa fa-check text-white"></i>
								</span>
								<span>And User enters invalid password "1234567890" into password field</span>
							</div>
				<div class="details"></div>
							<div class="d-flex align-items-center justify-content-start and" title="stepDefinations.LoginExcution.user_clicks_on_login_button()">
								<span class="alert-icon fail-bg">
									<i class="fa fa-times text-white"></i>
								</span>
								<span>And User clicks on Login button</span>
							</div>
				<textarea disabled class="code-block">org.openqa.selenium.TimeoutException: Expected condition failed: waiting for element to be clickable: Proxy element for: DefaultElementLocator 'By.xpath: //a[text()='Logout']' (tried for 30 second(s) with 500 milliseconds interval)
	at org.openqa.selenium.support.ui.WebDriverWait.timeoutException(WebDriverWait.java:81)
	at org.openqa.selenium.support.ui.FluentWait.until(FluentWait.java:271)
	at com.shopingstore.base.JavaBase.clickOn(JavaBase.java:83)
	at com.shopingstore.pages.LoginPage.User_Click_OnLogoutButton(LoginPage.java:92)
	at stepDefinations.LoginExcution.user_clicks_on_login_button(LoginExcution.java:48)
	at ✽.User clicks on Login button(file:///C:/Users/HP/Documents/Shoping/HealthCareCucumberFrameworkFirst/src/test/resource/features/login.feature:19)
Caused by: org.openqa.selenium.NoSuchElementException: no such element: Unable to locate element: {"method":"xpath","selector":"//a[text()='Logout']"}
  (Session info: chrome=112.0.5615.138)
For documentation on this error, please visit: http://seleniumhq.org/exceptions/no_such_element.html
Build info: version: '3.12.0', revision: '7c6e0b3', time: '2018-05-08T14:04:26.12Z'
System info: host: 'DESKTOP-IVTN6H0', ip: '192.168.1.11', os.name: 'Windows 11', os.arch: 'amd64', os.version: '10.0', java.version: '17.0.4.1'
Driver info: org.openqa.selenium.chrome.ChromeDriver
Capabilities {acceptInsecureCerts: false, browserName: chrome, browserVersion: 112.0.5615.138, chrome: {chromedriverVersion: 112.0.5615.49 (bd2a7bcb881c..., userDataDir: C:\Users\HP\AppData\Local\T...}, goog:chromeOptions: {debuggerAddress: localhost:57855}, javascriptEnabled: true, networkConnectionEnabled: false, pageLoadStrategy: normal, platform: WINDOWS, platformName: WINDOWS, proxy: Proxy(), setWindowRect: true, strictFileInteractability: false, timeouts: {implicit: 0, pageLoad: 300000, script: 30000}, unhandledPromptBehavior: dismiss and notify, webauthn:extension:credBlob: true, webauthn:extension:largeBlob: true, webauthn:extension:minPinLength: true, webauthn:extension:prf: true, webauthn:virtualAuthenticators: true}
Session ID: 45def4261bcb2e40b6c0c80aecd1b7a9
*** Element info: {Using=xpath, value=//a[text()='Logout']}
	at jdk.internal.reflect.GeneratedConstructorAccessor14.newInstance(Unknown Source)
	at java.base/jdk.internal.reflect.DelegatingConstructorAccessorImpl.newInstance(DelegatingConstructorAccessorImpl.java:45)
	at java.base/java.lang.reflect.Constructor.newInstanceWithCaller(Constructor.java:499)
	at java.base/java.lang.reflect.Constructor.newInstance(Constructor.java:480)
	at org.openqa.selenium.remote.http.W3CHttpResponseCodec.createException(W3CHttpResponseCodec.java:187)
	at org.openqa.selenium.remote.http.W3CHttpResponseCodec.decode(W3CHttpResponseCodec.java:122)
	at org.openqa.selenium.remote.http.W3CHttpResponseCodec.decode(W3CHttpResponseCodec.java:49)
	at org.openqa.selenium.remote.HttpCommandExecutor.execute(HttpCommandExecutor.java:158)
	at org.openqa.selenium.remote.service.DriverCommandExecutor.execute(DriverCommandExecutor.java:83)
	at org.openqa.selenium.remote.RemoteWebDriver.execute(RemoteWebDriver.java:543)
	at org.openqa.selenium.remote.RemoteWebDriver.findElement(RemoteWebDriver.java:317)
	at org.openqa.selenium.remote.RemoteWebDriver.findElementByXPath(RemoteWebDriver.java:419)
	at org.openqa.selenium.By$ByXPath.findElement(By.java:353)
	at org.openqa.selenium.remote.RemoteWebDriver.findElement(RemoteWebDriver.java:309)
	at org.openqa.selenium.support.pagefactory.DefaultElementLocator.findElement(DefaultElementLocator.java:69)
	at org.openqa.selenium.support.pagefactory.internal.LocatingElementHandler.invoke(LocatingElementHandler.java:38)
	at jdk.proxy2/jdk.proxy2.$Proxy18.isDisplayed(Unknown Source)
	at org.openqa.selenium.support.ui.ExpectedConditions.elementIfVisible(ExpectedConditions.java:315)
	at org.openqa.selenium.support.ui.ExpectedConditions.access$100(ExpectedConditions.java:44)
	at org.openqa.selenium.support.ui.ExpectedConditions$10.apply(ExpectedConditions.java:301)
	at org.openqa.selenium.support.ui.ExpectedConditions$10.apply(ExpectedConditions.java:298)
	at org.openqa.selenium.support.ui.ExpectedConditions$23.apply(ExpectedConditions.java:686)
	at org.openqa.selenium.support.ui.ExpectedConditions$23.apply(ExpectedConditions.java:682)
	at org.openqa.selenium.support.ui.FluentWait.until(FluentWait.java:248)
	at com.shopingstore.base.JavaBase.clickOn(JavaBase.java:83)
	at com.shopingstore.pages.LoginPage.User_Click_OnLogoutButton(LoginPage.java:92)
	at stepDefinations.LoginExcution.user_clicks_on_login_button(LoginExcution.java:48)
	at java.base/jdk.internal.reflect.NativeMethodAccessorImpl.invoke0(Native Method)
	at java.base/jdk.internal.reflect.NativeMethodAccessorImpl.invoke(NativeMethodAccessorImpl.java:77)
	at java.base/jdk.internal.reflect.DelegatingMethodAccessorImpl.invoke(DelegatingMethodAccessorImpl.java:43)
	at java.base/java.lang.reflect.Method.invoke(Method.java:568)
	at io.cucumber.java.Invoker.doInvoke(Invoker.java:66)
	at io.cucumber.java.Invoker.invoke(Invoker.java:24)
	at io.cucumber.java.AbstractGlueDefinition.invokeMethod(AbstractGlueDefinition.java:47)
	at io.cucumber.java.JavaStepDefinition.execute(JavaStepDefinition.java:29)
	at io.cucumber.core.runner.CoreStepDefinition.execute(CoreStepDefinition.java:66)
	at io.cucumber.core.runner.PickleStepDefinitionMatch.runStep(PickleStepDefinitionMatch.java:63)
	at io.cucumber.core.runner.ExecutionMode$1.execute(ExecutionMode.java:10)
	at io.cucumber.core.runner.TestStep.executeStep(TestStep.java:92)
	at io.cucumber.core.runner.TestStep.run(TestStep.java:64)
	at io.cucumber.core.runner.PickleStepTestStep.run(PickleStepTestStep.java:51)
	at io.cucumber.core.runner.TestCase.run(TestCase.java:104)
	at io.cucumber.core.runner.Runner.runPickle(Runner.java:73)
	at io.cucumber.junit.PickleRunners$NoStepDescriptions.run(PickleRunners.java:151)
	at io.cucumber.junit.FeatureRunner.runChild(FeatureRunner.java:135)
	at io.cucumber.junit.FeatureRunner.runChild(FeatureRunner.java:27)
	at org.junit.runners.ParentRunner$4.run(ParentRunner.java:331)
	at org.junit.runners.ParentRunner$1.schedule(ParentRunner.java:79)
	at org.junit.runners.ParentRunner.runChildren(ParentRunner.java:329)
	at org.junit.runners.ParentRunner.access$100(ParentRunner.java:66)
	at org.junit.runners.ParentRunner$2.evaluate(ParentRunner.java:293)
	at org.junit.runners.ParentRunner$3.evaluate(ParentRunner.java:306)
	at org.junit.runners.ParentRunner.run(ParentRunner.java:413)
	at io.cucumber.junit.Cucumber.runChild(Cucumber.java:200)
	at io.cucumber.junit.Cucumber.runChild(Cucumber.java:90)
	at org.junit.runners.ParentRunner$4.run(ParentRunner.java:331)
	at org.junit.runners.ParentRunner$1.schedule(ParentRunner.java:79)
	at org.junit.runners.ParentRunner.runChildren(ParentRunner.java:329)
	at org.junit.runners.ParentRunner.access$100(ParentRunner.java:66)
	at org.junit.runners.ParentRunner$2.evaluate(ParentRunner.java:293)
	at io.cucumber.junit.Cucumber$RunCucumber.evaluate(Cucumber.java:235)
	at org.junit.runners.ParentRunner$3.evaluate(ParentRunner.java:306)
	at org.junit.runners.ParentRunner.run(ParentRunner.java:413)
	at org.eclipse.jdt.internal.junit4.runner.JUnit4TestReference.run(JUnit4TestReference.java:93)
	at org.eclipse.jdt.internal.junit.runner.TestExecution.run(TestExecution.java:40)
	at org.eclipse.jdt.internal.junit.runner.RemoteTestRunner.runTests(RemoteTestRunner.java:529)
	at org.eclipse.jdt.internal.junit.runner.RemoteTestRunner.runTests(RemoteTestRunner.java:756)
	at org.eclipse.jdt.internal.junit.runner.RemoteTestRunner.run(RemoteTestRunner.java:452)
	at org.eclipse.jdt.internal.junit.runner.RemoteTestRunner.main(RemoteTestRunner.java:210)
</textarea>
							<div class="d-flex align-items-center justify-content-start then" title="stepDefinations.LoginExcution.user_should_get_a_proper_warning_message_about_credentials_mismatch()">
								<span class="alert-icon skip-bg">
									<i class="fa fa-long-arrow-right text-white"></i>
								</span>
								<span>Then User should get a proper warning message about credentials mismatch</span>
							</div>
				<div class="details">Step skipped</div>
					</div>
				</div>
	</div>
</div>
					</div>
				</li>
			</ul>
		</div>
	</div>
	<div class="test-content scrollable">
		<div class="test-content-tools">
			<ul>
				<li>
					<a class="back-to-test" href="javascript:void(0)">
					<i class="fa fa-arrow-left"></i>
					</a>
				</li>
			</ul>
		</div>
		<div class="test-content-detail">
			<div class="detail-body"></div>
		</div>
	</div>
</div><div class="test-wrapper row tag-view attributes-view">
	<div class="test-list">
		<div class="test-list-tools">
			<ul class="tools pull-left">
				<li>
					<a href="">
					<span class="font-size-14">Tags</span>
					</a>
				</li>
			</ul>
			<ul class="tools text-right">
				<li>
					<a href="#">
					<span class="badge badge-primary">3</span>
					</a>
				</li>
			</ul>
		</div>
		<div class="test-list-wrapper scrollable">
			<ul class="test-list-item">
				<li class="test-item">
					<div class="open-test">
						<div class="test-detail">
							<p class="name">@Regression</p>
							<p class="duration text-sm">2 tests</p>
							<span class="datetime">
							
							<span class='badge badge-danger'>2</span>
							
							
							</span>
						</div>
					</div>
					<div class="test-contents d-none">
						<div class="info">
							<h4>@Regression</h4>
							
							<span status="fail" class='badge badge-danger'>2 failed</span>
							
							
						</div>
						<table class='table table-sm mt-4'>
							<thead>
								<tr>
									<th class="status-col">Status</th>
									<th class="timestamp-col">Timestamp</th>
									<th>TestName</th>
								</tr>
							</thead>
							<tbody>
								<tr class="tag-test-status" status="fail">
									<td>
										<div class='status-avatar fail-bg'>
											<i class="fa fa-times text-white"></i>
										</div>
									</td>
									<td>00:40:16 am</td>
									<td class='linked' test-id='2'>
										User creates an account only with all fields
										<div class="">
											<span class="badge badge-default">Registration Functionality.User creates an account only with all fields</span>
										</div>
									</td>
								</tr>
								<tr class="tag-test-status" status="fail">
									<td>
										<div class='status-avatar fail-bg'>
											<i class="fa fa-times text-white"></i>
										</div>
									</td>
									<td>00:40:16 am</td>
									<td class='linked' test-id='3'>
										User creates an account only with all fields
										<div class="">
											<span class="badge badge-default">Registration Functionality.User creates an account only with all fields</span>
										</div>
									</td>
								</tr>
							</tbody>
						</table>
					</div>
				</li>
				<li class="test-item">
					<div class="open-test">
						<div class="test-detail">
							<p class="name">@Integration</p>
							<p class="duration text-sm">3 tests</p>
							<span class="datetime">
							<span class='badge badge-success'>3</span>
							
							
							
							</span>
						</div>
					</div>
					<div class="test-contents d-none">
						<div class="info">
							<h4>@Integration</h4>
							<span status="pass" class='badge badge-success'>3 passed</span>
							
							
							
						</div>
						<table class='table table-sm mt-4'>
							<thead>
								<tr>
									<th class="status-col">Status</th>
									<th class="timestamp-col">Timestamp</th>
									<th>TestName</th>
								</tr>
							</thead>
							<tbody>
								<tr class="tag-test-status" status="pass">
									<td>
										<div class='status-avatar pass-bg'>
											<i class="fa fa-check text-white"></i>
										</div>
									</td>
									<td>00:40:45 am</td>
									<td class='linked' test-id='24'>
										User creates a duplicate account
										<div class="">
											<span class="badge badge-default">Registration Functionality.User creates a duplicate account</span>
										</div>
									</td>
								</tr>
								<tr class="tag-test-status" status="pass">
									<td>
										<div class='status-avatar pass-bg'>
											<i class="fa fa-check text-white"></i>
										</div>
									</td>
									<td>00:40:45 am</td>
									<td class='linked' test-id='25'>
										User creates a duplicate account
										<div class="">
											<span class="badge badge-default">Registration Functionality.User creates a duplicate account</span>
										</div>
									</td>
								</tr>
								<tr class="tag-test-status" status="pass">
									<td>
										<div class='status-avatar pass-bg'>
											<i class="fa fa-check text-white"></i>
										</div>
									</td>
									<td>00:40:53 am</td>
									<td class='linked' test-id='56'>
										User searches for a valid product
										<div class="">
											<span class="badge badge-default">Search functionality.User searches for a valid product</span>
										</div>
									</td>
								</tr>
							</tbody>
						</table>
					</div>
				</li>
				<li class="test-item">
					<div class="open-test">
						<div class="test-detail">
							<p class="name">@Smoke</p>
							<p class="duration text-sm">3 tests</p>
							<span class="datetime">
							<span class='badge badge-success'>2</span>
							<span class='badge badge-danger'>1</span>
							
							
							</span>
						</div>
					</div>
					<div class="test-contents d-none">
						<div class="info">
							<h4>@Smoke</h4>
							<span status="pass" class='badge badge-success'>2 passed</span>
							<span status="fail" class='badge badge-danger'>1 failed</span>
							
							
						</div>
						<table class='table table-sm mt-4'>
							<thead>
								<tr>
									<th class="status-col">Status</th>
									<th class="timestamp-col">Timestamp</th>
									<th>TestName</th>
								</tr>
							</thead>
							<tbody>
								<tr class="tag-test-status" status="pass">
									<td>
										<div class='status-avatar pass-bg'>
											<i class="fa fa-check text-white"></i>
										</div>
									</td>
									<td>00:40:48 am</td>
									<td class='linked' test-id='42'>
										User creates an account without filling any details
										<div class="">
											<span class="badge badge-default">Registration Functionality.User creates an account without filling any details</span>
										</div>
									</td>
								</tr>
								<tr class="tag-test-status" status="pass">
									<td>
										<div class='status-avatar pass-bg'>
											<i class="fa fa-check text-white"></i>
										</div>
									</td>
									<td>00:40:54 am</td>
									<td class='linked' test-id='61'>
										User searches without any product
										<div class="">
											<span class="badge badge-default">Search functionality.User searches without any product</span>
										</div>
									</td>
								</tr>
								<tr class="tag-test-status" status="fail">
									<td>
										<div class='status-avatar fail-bg'>
											<i class="fa fa-times text-white"></i>
										</div>
									</td>
									<td>00:40:55 am</td>
									<td class='linked' test-id='67'>
										Login with invalid credentials
										<div class="">
											<span class="badge badge-default">Login functionality.Login with invalid credentials</span>
										</div>
									</td>
								</tr>
							</tbody>
						</table>
					</div>
				</li>
			</ul>
		</div>
	</div>
	<div class="test-content scrollable">
		<div class="test-content-tools">
			<ul>
				<li>
					<a class="back-to-test" href="javascript:void(0)">
					<i class="fa fa-arrow-left"></i>
					</a>
				</li>
			</ul>
		</div>
		<div class="test-content-detail">
			<div class="detail-body"></div>
		</div>
	</div>
</div><div class="test-wrapper row exception-view attributes-view">
	<div class="test-list">
		<div class="test-list-tools">
			<ul class="tools pull-left">
				<li>
					<a href="">
					<span class="font-size-14">Exception</span>
					</a>
				</li>
			</ul>
			<ul class="tools text-right">
				<li>
					<a href="#">
					<span class="badge badge-primary">1</span>
					</a>
				</li>
			</ul>
		</div>
		<div class="test-list-wrapper scrollable">
			<ul class="test-list-item">
				<li class="test-item">
					<div class="open-test">
						<div class="test-detail">
							<p class="name">org.openqa.selenium.TimeoutException</p>
							<p class="duration text-sm">2 tests</p>
						</div>
					</div>
					<div class="test-contents d-none">
						<div class="info">
							<h4>org.openqa.selenium.TimeoutException</h4>
						</div>
						<table class='table table-sm mt-4'>
							<thead>
								<tr>
									<th class="status-col">Status</th>
									<th class="timestamp-col">Timestamp</th>
									<th>TestName</th>
								</tr>
							</thead>
							<tbody>
								<tr>
									<td>
										<div class='status-avatar fail-bg'>
											<i class="fa fa-times text-white"></i>
										</div>
									</td>
									<td>00:40:25 am</td>
									<td class='linked' test-id='21'>
										And User click on Logout button
										<div class="">
											<span class="badge badge-default">User creates an account only with all fields</span>
										</div>
									</td>
								</tr>
								<tr>
									<td>
										<div class='status-avatar fail-bg'>
											<i class="fa fa-times text-white"></i>
										</div>
									</td>
									<td>00:40:57 am</td>
									<td class='linked' test-id='71'>
										And User clicks on Login button
										<div class="">
											<span class="badge badge-default">Login with invalid credentials</span>
										</div>
									</td>
								</tr>
							</tbody>
						</table>
					</div>
				</li>
			</ul>
		</div>
	</div>
	<div class="test-content scrollable">
		<div class="test-content-tools">
			<ul>
				<li>
					<a class="back-to-test" href="javascript:void(0)">
					<i class="fa fa-arrow-left"></i>
					</a>
				</li>
			</ul>
		</div>
		<div class="test-content-detail">
			<div class="detail-body"></div>
		</div>
	</div>
</div>                    <!-- dashboard -->
<div class="container-fluid p-4 dashboard-view">
	<div class="row">
		<div class="col-sm-12 col-md-4">
			<div class="card">
				<div class="card-header">
					<h6 class="card-title">Features</h6>
				</div>
				<div class="card-body">
					<div class="">
						<canvas id='parent-analysis' width='115' height='90'></canvas>
					</div>
				</div>
				<div class="card-footer">
					<div><small data-tooltip='33.333%'>
						<b>1</b> features passed
						</small>
					</div>
					<div>
						<small data-tooltip='66.667%'><b>2</b> features failed, 
						<b>0</b> skipped, <b data-tooltip='0%'>0</b> others
						</small>
					</div>
				</div>
			</div>
		</div>
		<div class="col-sm-12 col-md-4">
			<div class="card">
				<div class="card-header">
					<h6 class="card-title">Scenarios</h6>
				</div>
				<div class="card-body">
					<div class="">
						<canvas id='child-analysis' width='115' height='90'></canvas>
					</div>
				</div>
				<div class="card-footer">
					<div><small data-tooltip='66.667%'><b>4</b> scenarios passed</small></div>
					<div>
						<small data-tooltip='33.333%'><b>2</b> scenarios failed, 
						<b>0</b> skipped, <b data-tooltip='0%'>0</b> others
						</small>
					</div>
				</div>
			</div>
		</div>
		<div class="col-sm-12 col-md-4">
			<div class="card">
				<div class="card-header">
					<h6 class="card-title">Steps</h6>
				</div>
				<div class="card-body">
					<div class="">
						<canvas id='grandchild-analysis' width='115' height='90'></canvas>
					</div>
				</div>
				<div class="card-footer">
					<div><small data-tooltip='91.803%'><b>56</b> steps passed</small></div>
					<div>
						<small data-tooltip='3.279%'><b>2</b> steps failed, 
						<b>3</b> skipped, <b data-tooltip='4.918%'>0</b> others
						</small>
					</div>
				</div>
			</div>
		</div>
	</div>
	<div class="row">
		<div class="col-md-3">
			<div class="card">
				<div class="card-body box-height-150">
					<div class="media justify-content-between">
						<div class="card-header">
							<h6 class="card-title">Features</h6>
							<h2 class="font-size-28 font-weight-light mt-3">3</h2>
							<span class="text-semibold text-success font-size-15">
							<i class="ti-arrow-up font-size-11"></i> 
							<span>33.33%</span>
							</span>
						</div>
						<div class="align-self-end">
							<i class="fa fa-align-left font-size-70 opacity-01"></i>
						</div>
					</div>
				</div>
			</div>
		</div>
		<div class="col-md-3">
			<div class="card">
				<div class="card-body box-height-150">
					<div class="media justify-content-between">
						<div class="card-header">
							<h6 class="card-title">Scenarios</h6>
							<h2 class="font-size-28 font-weight-light mt-3">6</h2>
							<span class="text-semibold text-success font-size-15">
							<i class="ti-arrow-up font-size-11"></i> 
							<span>66.67%</span>
							</span>
						</div>
						<div class="align-self-end">
							<i class="fa fa-align-left font-size-70 opacity-01"></i>
						</div>
					</div>
				</div>
			</div>
		</div>
		<div class="col-md-3">
			<div class="card">
				<div class="card-body box-height-150">
					<div class="media justify-content-between">
						<div class="card-header">
							<h6 class="card-title">Start</h6>
							<h4 class="font-weight-light mt-4">May 6, 2023 12:40:15 am</h4>
							<span class="text-semibold text-success font-size-15">
						</div>
						<div class="align-self-end">
							<i class="fa fa-clock-o font-size-70 text-success opacity-01"></i>
						</div>
					</div>
				</div>
			</div>
		</div>
		<div class="col-md-3">
			<div class="card">
				<div class="card-body box-height-150">
					<div class="media justify-content-between">
						<div class="card-header">
							<h6 class="card-title">Duration</h6>
							<h4 class="font-weight-light mt-4">0h 1m 12s+454ms</h4>
							<span class="text-semibold font-size-15">
						</div>
						<div class="align-self-end">
							<i class="fa fa-clock-o font-size-70 opacity-01"></i>
						</div>
					</div>
				</div>
			</div>
		</div>
	</div>
	<div class="row">
		<div class="col-md-12">
			<div class="card">
				<div class="card-header">
					<h6 class="card-title">Timeline</h6>
				</div>
				<div class="card-body">
					<div class="">
						<canvas id="timeline" height="120"></canvas>
					</div>
				</div>
			</div>
		</div>
	</div>
	<div class="row">
		<div class="col-md-6">
			<div class="card">
				<div class="card-header">
					<h6 class="card-title">Tags</h6>
				</div>
				<div class="table-overflow">
					<table class="table table-sm">
						<thead>
							<tr class="bg-gray">
								<th>Name</th>
								<th>Passed</th>
								<th>Failed</th>
								<th>Skipped</th>
								<th>Others</th>
								<th>Passed %</th>
							</tr>
						</thead>
						<tbody>
							<tr>
								<td>@Regression</td>
								<td>0</td>
								<td>2</td>
								<td>0</td>
								<td>0</td>
								<td>
									0%
								</td>
							</tr>
							<tr>
								<td>@Integration</td>
								<td>3</td>
								<td>0</td>
								<td>0</td>
								<td>0</td>
								<td>
									100%
								</td>
							</tr>
							<tr>
								<td>@Smoke</td>
								<td>2</td>
								<td>1</td>
								<td>0</td>
								<td>0</td>
								<td>
									66.667%
								</td>
							</tr>
						</tbody>
					</table>
				</div>
			</div>
		</div>
		<div class="col-md-4">
			<div class="card">
				<div class="card-header">
					<h6 class="card-title">Environment</h6>
				</div>
				<div class="table-overflow">
					<table class="table table-sm">
						<thead>
							<tr class="bg-gray">
								<th>Name</th>
								<th>Value</th>
							</tr>
						</thead>
						<tbody>
							<tr>
								<td>AppName</td>
								<td>{ShopingStore}</td>
							</tr>
							<tr>
								<td>user</td>
								<td>{Deeksha Prajapati}</td>
							</tr>
							<tr>
								<td>build</td>
								<td>{Window 11}</td>
							</tr>
						</tbody>
					</table>
				</div>
			</div>
		</div>
	</div>
</div>
<script>
	var statusGroup = {
	    parentCount: 3,
		passParent: 1,
		failParent: 2,
		fatalParent: 0,
		errorParent: 0,
		warningParent: 0,
		skipParent: 0,
		exceptionsParent: 2,
		childCount: 6,
		passChild: 4,
		failChild: 2,
		fatalChild: 0,
		errorChild: 0,
		warningChild: 0,
		skipChild: 0,
		infoChild: 0,
		debugChild: 0,
		exceptionsChild: 2,
		grandChildCount: 61,
		passGrandChild: 56,
		failGrandChild: 2,
		fatalGrandChild: 0,
		errorGrandChild: 0,
		warningGrandChild: 0,
		skipGrandChild: 3,
		infoGrandChild: 0,
		debugGrandChild: 0,
		exceptionsGrandChild: 5,
		eventsCount: 61,
		passEvents: 56,
		failEvents: 2,
		fatalEvents: 0,
		errorEvents: 0,
		warningEvents: 0,
		skipEvents: 3,
		infoEvents: 0,
		debugEvents: 0,
		exceptionsEvents: 0
	};
</script>
<script>
	var timeline = {
	        "Registration Functionality":36.254,"Search functionality":2.582,"Login functionality":32.507
	};
</script>
                </div>
            </div>
        </div>
    </div>
    <script src="https://cdn.jsdelivr.net/gh/extent-framework/extent-github-cdn@ac7abbc71b4bb073da00153a5a3fdbcfe0c95e2a/spark/js/spark-script.js"></script>
<script type="text/javascript">


</script></body>
</html>